ARM GAS  C:\Users\mrgas\AppData\Local\Temp\ccjd7zLg.s 			page 1


   1              		.syntax unified
   2              		.cpu cortex-m3
   3              		.fpu softvfp
   4              		.eabi_attribute 20, 1
   5              		.eabi_attribute 21, 1
   6              		.eabi_attribute 23, 3
   7              		.eabi_attribute 24, 1
   8              		.eabi_attribute 25, 1
   9              		.eabi_attribute 26, 1
  10              		.eabi_attribute 30, 1
  11              		.eabi_attribute 34, 1
  12              		.eabi_attribute 18, 4
  13              		.thumb
  14              		.syntax unified
  15              		.file	"cymetadata.c"
  16              		.text
  17              	.Ltext0:
  18              		.cfi_sections	.debug_frame
  19              		.global	cy_metadata
  20              		.global	cy_meta_flashprotect
  21              		.global	cy_meta_wonvl
  22              		.global	cy_meta_custnvl
  23              		.global	cy_meta_configecc
  24              		.section	.cyconfigecc,"a",%progbits
  25              		.align	2
  26              		.type	cy_meta_configecc, %object
  27              		.size	cy_meta_configecc, 1056
  28              	cy_meta_configecc:
  29 0000 03       		.byte	3
  30 0001 52       		.byte	82
  31 0002 00       		.byte	0
  32 0003 40       		.byte	64
  33 0004 01       		.byte	1
  34 0005 64       		.byte	100
  35 0006 00       		.byte	0
  36 0007 40       		.byte	64
  37 0008 03       		.byte	3
  38 0009 65       		.byte	101
  39 000a 00       		.byte	0
  40 000b 40       		.byte	64
  41 000c 5F       		.byte	95
  42 000d 08       		.byte	8
  43 000e 01       		.byte	1
  44 000f 40       		.byte	64
  45 0010 31       		.byte	49
  46 0011 09       		.byte	9
  47 0012 01       		.byte	1
  48 0013 40       		.byte	64
  49 0014 01       		.byte	1
  50 0015 15       		.byte	21
  51 0016 01       		.byte	1
  52 0017 40       		.byte	64
  53 0018 4D       		.byte	77
  54 0019 18       		.byte	24
  55 001a 01       		.byte	1
  56 001b 40       		.byte	64
  57 001c 3F       		.byte	63
ARM GAS  C:\Users\mrgas\AppData\Local\Temp\ccjd7zLg.s 			page 2


  58 001d 19       		.byte	25
  59 001e 01       		.byte	1
  60 001f 40       		.byte	64
  61 0020 4D       		.byte	77
  62 0021 1A       		.byte	26
  63 0022 01       		.byte	1
  64 0023 40       		.byte	64
  65 0024 4C       		.byte	76
  66 0025 1B       		.byte	27
  67 0026 01       		.byte	1
  68 0027 40       		.byte	64
  69 0028 02       		.byte	2
  70 0029 40       		.byte	64
  71 002a 01       		.byte	1
  72 002b 40       		.byte	64
  73 002c 01       		.byte	1
  74 002d 41       		.byte	65
  75 002e 01       		.byte	1
  76 002f 40       		.byte	64
  77 0030 01       		.byte	1
  78 0031 42       		.byte	66
  79 0032 01       		.byte	1
  80 0033 40       		.byte	64
  81 0034 01       		.byte	1
  82 0035 43       		.byte	67
  83 0036 01       		.byte	1
  84 0037 40       		.byte	64
  85 0038 01       		.byte	1
  86 0039 48       		.byte	72
  87 003a 01       		.byte	1
  88 003b 40       		.byte	64
  89 003c 03       		.byte	3
  90 003d 49       		.byte	73
  91 003e 01       		.byte	1
  92 003f 40       		.byte	64
  93 0040 02       		.byte	2
  94 0041 4C       		.byte	76
  95 0042 01       		.byte	1
  96 0043 40       		.byte	64
  97 0044 0A       		.byte	10
  98 0045 4D       		.byte	77
  99 0046 01       		.byte	1
 100 0047 40       		.byte	64
 101 0048 04       		.byte	4
 102 0049 50       		.byte	80
 103 004a 01       		.byte	1
 104 004b 40       		.byte	64
 105 004c 01       		.byte	1
 106 004d 51       		.byte	81
 107 004e 01       		.byte	1
 108 004f 40       		.byte	64
 109 0050 09       		.byte	9
 110 0051 80       		.byte	-128
 111 0052 61       		.byte	97
 112 0053 80       		.byte	-128
 113 0054 64       		.byte	100
 114 0055 40       		.byte	64
ARM GAS  C:\Users\mrgas\AppData\Local\Temp\ccjd7zLg.s 			page 3


 115 0056 88       		.byte	-120
 116 0057 0D       		.byte	13
 117 0058 88       		.byte	-120
 118 0059 72       		.byte	114
 119 005a 8A       		.byte	-118
 120 005b 0F       		.byte	15
 121 005c 8B       		.byte	-117
 122 005d 38       		.byte	56
 123 005e 02       		.byte	2
 124 005f 04       		.byte	4
 125 0060 07       		.byte	7
 126 0061 0E       		.byte	14
 127 0062 0A       		.byte	10
 128 0063 08       		.byte	8
 129 0064 0D       		.byte	13
 130 0065 08       		.byte	8
 131 0066 12       		.byte	18
 132 0067 02       		.byte	2
 133 0068 13       		.byte	19
 134 0069 01       		.byte	1
 135 006a 16       		.byte	22
 136 006b 01       		.byte	1
 137 006c 17       		.byte	23
 138 006d 02       		.byte	2
 139 006e 18       		.byte	24
 140 006f 01       		.byte	1
 141 0070 1E       		.byte	30
 142 0071 01       		.byte	1
 143 0072 22       		.byte	34
 144 0073 08       		.byte	8
 145 0074 24       		.byte	36
 146 0075 01       		.byte	1
 147 0076 2A       		.byte	42
 148 0077 04       		.byte	4
 149 0078 2E       		.byte	46
 150 0079 02       		.byte	2
 151 007a 30       		.byte	48
 152 007b 01       		.byte	1
 153 007c 31       		.byte	49
 154 007d 02       		.byte	2
 155 007e 32       		.byte	50
 156 007f 02       		.byte	2
 157 0080 33       		.byte	51
 158 0081 08       		.byte	8
 159 0082 34       		.byte	52
 160 0083 08       		.byte	8
 161 0084 35       		.byte	53
 162 0085 01       		.byte	1
 163 0086 36       		.byte	54
 164 0087 04       		.byte	4
 165 0088 37       		.byte	55
 166 0089 04       		.byte	4
 167 008a 38       		.byte	56
 168 008b 02       		.byte	2
 169 008c 3E       		.byte	62
 170 008d 54       		.byte	84
 171 008e 40       		.byte	64
ARM GAS  C:\Users\mrgas\AppData\Local\Temp\ccjd7zLg.s 			page 4


 172 008f 35       		.byte	53
 173 0090 41       		.byte	65
 174 0091 02       		.byte	2
 175 0092 42       		.byte	66
 176 0093 06       		.byte	6
 177 0094 44       		.byte	68
 178 0095 01       		.byte	1
 179 0096 46       		.byte	70
 180 0097 0C       		.byte	12
 181 0098 47       		.byte	71
 182 0099 E0       		.byte	-32
 183 009a 48       		.byte	72
 184 009b 24       		.byte	36
 185 009c 49       		.byte	73
 186 009d FF       		.byte	-1
 187 009e 4A       		.byte	74
 188 009f FF       		.byte	-1
 189 00a0 4B       		.byte	75
 190 00a1 FF       		.byte	-1
 191 00a2 4C       		.byte	76
 192 00a3 62       		.byte	98
 193 00a4 4D       		.byte	77
 194 00a5 A0       		.byte	-96
 195 00a6 4E       		.byte	78
 196 00a7 F0       		.byte	-16
 197 00a8 4F       		.byte	79
 198 00a9 41       		.byte	65
 199 00aa 50       		.byte	80
 200 00ab 0C       		.byte	12
 201 00ac 52       		.byte	82
 202 00ad 80       		.byte	-128
 203 00ae 54       		.byte	84
 204 00af 05       		.byte	5
 205 00b0 58       		.byte	88
 206 00b1 04       		.byte	4
 207 00b2 59       		.byte	89
 208 00b3 04       		.byte	4
 209 00b4 5A       		.byte	90
 210 00b5 04       		.byte	4
 211 00b6 5B       		.byte	91
 212 00b7 04       		.byte	4
 213 00b8 5C       		.byte	92
 214 00b9 10       		.byte	16
 215 00ba 5D       		.byte	93
 216 00bb 10       		.byte	16
 217 00bc 5F       		.byte	95
 218 00bd 01       		.byte	1
 219 00be 66       		.byte	102
 220 00bf 40       		.byte	64
 221 00c0 67       		.byte	103
 222 00c1 02       		.byte	2
 223 00c2 69       		.byte	105
 224 00c3 10       		.byte	16
 225 00c4 6A       		.byte	106
 226 00c5 30       		.byte	48
 227 00c6 6B       		.byte	107
 228 00c7 10       		.byte	16
ARM GAS  C:\Users\mrgas\AppData\Local\Temp\ccjd7zLg.s 			page 5


 229 00c8 6D       		.byte	109
 230 00c9 10       		.byte	16
 231 00ca 6E       		.byte	110
 232 00cb 10       		.byte	16
 233 00cc 6F       		.byte	111
 234 00cd 12       		.byte	18
 235 00ce 86       		.byte	-122
 236 00cf 03       		.byte	3
 237 00d0 8A       		.byte	-118
 238 00d1 06       		.byte	6
 239 00d2 92       		.byte	-110
 240 00d3 05       		.byte	5
 241 00d4 93       		.byte	-109
 242 00d5 01       		.byte	1
 243 00d6 97       		.byte	-105
 244 00d7 02       		.byte	2
 245 00d8 98       		.byte	-104
 246 00d9 06       		.byte	6
 247 00da 9A       		.byte	-102
 248 00db 01       		.byte	1
 249 00dc A2       		.byte	-94
 250 00dd 02       		.byte	2
 251 00de A7       		.byte	-89
 252 00df 02       		.byte	2
 253 00e0 AA       		.byte	-86
 254 00e1 01       		.byte	1
 255 00e2 B4       		.byte	-76
 256 00e3 07       		.byte	7
 257 00e4 B7       		.byte	-73
 258 00e5 03       		.byte	3
 259 00e6 BA       		.byte	-70
 260 00e7 20       		.byte	32
 261 00e8 BF       		.byte	-65
 262 00e9 40       		.byte	64
 263 00ea C0       		.byte	-64
 264 00eb 30       		.byte	48
 265 00ec C1       		.byte	-63
 266 00ed 05       		.byte	5
 267 00ee C5       		.byte	-59
 268 00ef D1       		.byte	-47
 269 00f0 C7       		.byte	-57
 270 00f1 20       		.byte	32
 271 00f2 C8       		.byte	-56
 272 00f3 23       		.byte	35
 273 00f4 C9       		.byte	-55
 274 00f5 FF       		.byte	-1
 275 00f6 CA       		.byte	-54
 276 00f7 FF       		.byte	-1
 277 00f8 CB       		.byte	-53
 278 00f9 FF       		.byte	-1
 279 00fa CD       		.byte	-51
 280 00fb A0       		.byte	-96
 281 00fc CF       		.byte	-49
 282 00fd 04       		.byte	4
 283 00fe D0       		.byte	-48
 284 00ff 18       		.byte	24
 285 0100 D8       		.byte	-40
ARM GAS  C:\Users\mrgas\AppData\Local\Temp\ccjd7zLg.s 			page 6


 286 0101 04       		.byte	4
 287 0102 D9       		.byte	-39
 288 0103 04       		.byte	4
 289 0104 DA       		.byte	-38
 290 0105 04       		.byte	4
 291 0106 DD       		.byte	-35
 292 0107 01       		.byte	1
 293 0108 DF       		.byte	-33
 294 0109 01       		.byte	1
 295 010a E0       		.byte	-32
 296 010b 40       		.byte	64
 297 010c E2       		.byte	-30
 298 010d C0       		.byte	-64
 299 010e E4       		.byte	-28
 300 010f 40       		.byte	64
 301 0110 E5       		.byte	-27
 302 0111 40       		.byte	64
 303 0112 E6       		.byte	-26
 304 0113 C0       		.byte	-64
 305 0114 E8       		.byte	-24
 306 0115 C0       		.byte	-64
 307 0116 EA       		.byte	-22
 308 0117 C0       		.byte	-64
 309 0118 EC       		.byte	-20
 310 0119 C0       		.byte	-64
 311 011a EE       		.byte	-18
 312 011b C0       		.byte	-64
 313 011c 00       		.byte	0
 314 011d 14       		.byte	20
 315 011e 06       		.byte	6
 316 011f 40       		.byte	64
 317 0120 07       		.byte	7
 318 0121 08       		.byte	8
 319 0122 08       		.byte	8
 320 0123 02       		.byte	2
 321 0124 0A       		.byte	10
 322 0125 08       		.byte	8
 323 0126 0D       		.byte	13
 324 0127 20       		.byte	32
 325 0128 0E       		.byte	14
 326 0129 A1       		.byte	-95
 327 012a 10       		.byte	16
 328 012b 88       		.byte	-120
 329 012c 15       		.byte	21
 330 012d 12       		.byte	18
 331 012e 16       		.byte	22
 332 012f 11       		.byte	17
 333 0130 17       		.byte	23
 334 0131 10       		.byte	16
 335 0132 18       		.byte	24
 336 0133 04       		.byte	4
 337 0134 1D       		.byte	29
 338 0135 40       		.byte	64
 339 0136 1E       		.byte	30
 340 0137 88       		.byte	-120
 341 0138 1F       		.byte	31
 342 0139 04       		.byte	4
ARM GAS  C:\Users\mrgas\AppData\Local\Temp\ccjd7zLg.s 			page 7


 343 013a 21       		.byte	33
 344 013b 80       		.byte	-128
 345 013c 25       		.byte	37
 346 013d 40       		.byte	64
 347 013e 26       		.byte	38
 348 013f 08       		.byte	8
 349 0140 27       		.byte	39
 350 0141 4C       		.byte	76
 351 0142 28       		.byte	40
 352 0143 20       		.byte	32
 353 0144 31       		.byte	49
 354 0145 08       		.byte	8
 355 0146 32       		.byte	50
 356 0147 01       		.byte	1
 357 0148 35       		.byte	53
 358 0149 01       		.byte	1
 359 014a 37       		.byte	55
 360 014b 08       		.byte	8
 361 014c 3D       		.byte	61
 362 014d 80       		.byte	-128
 363 014e 3F       		.byte	63
 364 014f 04       		.byte	4
 365 0150 43       		.byte	67
 366 0151 04       		.byte	4
 367 0152 45       		.byte	69
 368 0153 A0       		.byte	-96
 369 0154 46       		.byte	70
 370 0155 10       		.byte	16
 371 0156 48       		.byte	72
 372 0157 02       		.byte	2
 373 0158 49       		.byte	73
 374 0159 02       		.byte	2
 375 015a 4B       		.byte	75
 376 015b 04       		.byte	4
 377 015c 4D       		.byte	77
 378 015d 10       		.byte	16
 379 015e 4E       		.byte	78
 380 015f 02       		.byte	2
 381 0160 50       		.byte	80
 382 0161 02       		.byte	2
 383 0162 51       		.byte	81
 384 0163 01       		.byte	1
 385 0164 56       		.byte	86
 386 0165 41       		.byte	65
 387 0166 5D       		.byte	93
 388 0167 02       		.byte	2
 389 0168 5E       		.byte	94
 390 0169 48       		.byte	72
 391 016a 75       		.byte	117
 392 016b 01       		.byte	1
 393 016c C0       		.byte	-64
 394 016d 56       		.byte	86
 395 016e C2       		.byte	-62
 396 016f FA       		.byte	-6
 397 0170 C4       		.byte	-60
 398 0171 FA       		.byte	-6
 399 0172 CA       		.byte	-54
ARM GAS  C:\Users\mrgas\AppData\Local\Temp\ccjd7zLg.s 			page 8


 400 0173 02       		.byte	2
 401 0174 CC       		.byte	-52
 402 0175 C3       		.byte	-61
 403 0176 CE       		.byte	-50
 404 0177 50       		.byte	80
 405 0178 D0       		.byte	-48
 406 0179 72       		.byte	114
 407 017a D2       		.byte	-46
 408 017b 38       		.byte	56
 409 017c D6       		.byte	-42
 410 017d D0       		.byte	-48
 411 017e E6       		.byte	-26
 412 017f 02       		.byte	2
 413 0180 00       		.byte	0
 414 0181 03       		.byte	3
 415 0182 01       		.byte	1
 416 0183 1C       		.byte	28
 417 0184 03       		.byte	3
 418 0185 E1       		.byte	-31
 419 0186 04       		.byte	4
 420 0187 33       		.byte	51
 421 0188 05       		.byte	5
 422 0189 FF       		.byte	-1
 423 018a 06       		.byte	6
 424 018b 0C       		.byte	12
 425 018c 08       		.byte	8
 426 018d 04       		.byte	4
 427 018e 09       		.byte	9
 428 018f 18       		.byte	24
 429 0190 0C       		.byte	12
 430 0191 01       		.byte	1
 431 0192 0D       		.byte	13
 432 0193 C0       		.byte	-64
 433 0194 13       		.byte	19
 434 0195 E3       		.byte	-29
 435 0196 14       		.byte	20
 436 0197 1C       		.byte	28
 437 0198 15       		.byte	21
 438 0199 08       		.byte	8
 439 019a 16       		.byte	22
 440 019b 23       		.byte	35
 441 019c 18       		.byte	24
 442 019d 3F       		.byte	63
 443 019e 19       		.byte	25
 444 019f 3C       		.byte	60
 445 01a0 1B       		.byte	27
 446 01a1 C2       		.byte	-62
 447 01a2 1C       		.byte	28
 448 01a3 1F       		.byte	31
 449 01a4 1D       		.byte	29
 450 01a5 44       		.byte	68
 451 01a6 1E       		.byte	30
 452 01a7 20       		.byte	32
 453 01a8 22       		.byte	34
 454 01a9 23       		.byte	35
 455 01aa 23       		.byte	35
 456 01ab 04       		.byte	4
ARM GAS  C:\Users\mrgas\AppData\Local\Temp\ccjd7zLg.s 			page 9


 457 01ac 24       		.byte	36
 458 01ad 02       		.byte	2
 459 01ae 25       		.byte	37
 460 01af 80       		.byte	-128
 461 01b0 28       		.byte	40
 462 01b1 0C       		.byte	12
 463 01b2 29       		.byte	41
 464 01b3 E7       		.byte	-25
 465 01b4 2B       		.byte	43
 466 01b5 18       		.byte	24
 467 01b6 2C       		.byte	44
 468 01b7 08       		.byte	8
 469 01b8 2D       		.byte	45
 470 01b9 10       		.byte	16
 471 01ba 30       		.byte	48
 472 01bb 10       		.byte	16
 473 01bc 31       		.byte	49
 474 01bd C0       		.byte	-64
 475 01be 32       		.byte	50
 476 01bf 0F       		.byte	15
 477 01c0 33       		.byte	51
 478 01c1 38       		.byte	56
 479 01c2 35       		.byte	53
 480 01c3 1F       		.byte	31
 481 01c4 36       		.byte	54
 482 01c5 2C       		.byte	44
 483 01c6 3A       		.byte	58
 484 01c7 A8       		.byte	-88
 485 01c8 3B       		.byte	59
 486 01c9 20       		.byte	32
 487 01ca 3E       		.byte	62
 488 01cb 01       		.byte	1
 489 01cc 56       		.byte	86
 490 01cd 02       		.byte	2
 491 01ce 57       		.byte	87
 492 01cf 10       		.byte	16
 493 01d0 58       		.byte	88
 494 01d1 04       		.byte	4
 495 01d2 59       		.byte	89
 496 01d3 04       		.byte	4
 497 01d4 5B       		.byte	91
 498 01d5 04       		.byte	4
 499 01d6 5F       		.byte	95
 500 01d7 01       		.byte	1
 501 01d8 84       		.byte	-124
 502 01d9 71       		.byte	113
 503 01da 86       		.byte	-122
 504 01db 0E       		.byte	14
 505 01dc 8A       		.byte	-118
 506 01dd 0C       		.byte	12
 507 01de 98       		.byte	-104
 508 01df 2C       		.byte	44
 509 01e0 9A       		.byte	-102
 510 01e1 43       		.byte	67
 511 01e2 A2       		.byte	-94
 512 01e3 08       		.byte	8
 513 01e4 A4       		.byte	-92
ARM GAS  C:\Users\mrgas\AppData\Local\Temp\ccjd7zLg.s 			page 10


 514 01e5 71       		.byte	113
 515 01e6 A6       		.byte	-90
 516 01e7 06       		.byte	6
 517 01e8 A8       		.byte	-88
 518 01e9 80       		.byte	-128
 519 01ea AA       		.byte	-86
 520 01eb 13       		.byte	19
 521 01ec B0       		.byte	-80
 522 01ed 30       		.byte	48
 523 01ee B2       		.byte	-78
 524 01ef C0       		.byte	-64
 525 01f0 B4       		.byte	-76
 526 01f1 0F       		.byte	15
 527 01f2 B8       		.byte	-72
 528 01f3 0A       		.byte	10
 529 01f4 BA       		.byte	-70
 530 01f5 20       		.byte	32
 531 01f6 BE       		.byte	-66
 532 01f7 01       		.byte	1
 533 01f8 C0       		.byte	-64
 534 01f9 04       		.byte	4
 535 01fa C6       		.byte	-58
 536 01fb 04       		.byte	4
 537 01fc C9       		.byte	-55
 538 01fd FF       		.byte	-1
 539 01fe CA       		.byte	-54
 540 01ff 07       		.byte	7
 541 0200 CB       		.byte	-53
 542 0201 FF       		.byte	-1
 543 0202 CC       		.byte	-52
 544 0203 40       		.byte	64
 545 0204 CD       		.byte	-51
 546 0205 20       		.byte	32
 547 0206 CE       		.byte	-50
 548 0207 F0       		.byte	-16
 549 0208 CF       		.byte	-49
 550 0209 05       		.byte	5
 551 020a D0       		.byte	-48
 552 020b 08       		.byte	8
 553 020c D8       		.byte	-40
 554 020d 04       		.byte	4
 555 020e DA       		.byte	-38
 556 020f 04       		.byte	4
 557 0210 DF       		.byte	-33
 558 0211 01       		.byte	1
 559 0212 E0       		.byte	-32
 560 0213 40       		.byte	64
 561 0214 E1       		.byte	-31
 562 0215 A8       		.byte	-88
 563 0216 E2       		.byte	-30
 564 0217 40       		.byte	64
 565 0218 E3       		.byte	-29
 566 0219 20       		.byte	32
 567 021a 00       		.byte	0
 568 021b 14       		.byte	20
 569 021c 05       		.byte	5
 570 021d 04       		.byte	4
ARM GAS  C:\Users\mrgas\AppData\Local\Temp\ccjd7zLg.s 			page 11


 571 021e 06       		.byte	6
 572 021f 92       		.byte	-110
 573 0220 07       		.byte	7
 574 0221 04       		.byte	4
 575 0222 0A       		.byte	10
 576 0223 08       		.byte	8
 577 0224 0E       		.byte	14
 578 0225 25       		.byte	37
 579 0226 10       		.byte	16
 580 0227 88       		.byte	-120
 581 0228 12       		.byte	18
 582 0229 20       		.byte	32
 583 022a 13       		.byte	19
 584 022b 10       		.byte	16
 585 022c 14       		.byte	20
 586 022d 90       		.byte	-112
 587 022e 16       		.byte	22
 588 022f 01       		.byte	1
 589 0230 17       		.byte	23
 590 0231 20       		.byte	32
 591 0232 18       		.byte	24
 592 0233 50       		.byte	80
 593 0234 1A       		.byte	26
 594 0235 08       		.byte	8
 595 0236 1B       		.byte	27
 596 0237 04       		.byte	4
 597 0238 1D       		.byte	29
 598 0239 24       		.byte	36
 599 023a 1E       		.byte	30
 600 023b 45       		.byte	69
 601 023c 1F       		.byte	31
 602 023d 08       		.byte	8
 603 023e 26       		.byte	38
 604 023f 11       		.byte	17
 605 0240 27       		.byte	39
 606 0241 10       		.byte	16
 607 0242 2C       		.byte	44
 608 0243 10       		.byte	16
 609 0244 2D       		.byte	45
 610 0245 80       		.byte	-128
 611 0246 2F       		.byte	47
 612 0247 48       		.byte	72
 613 0248 36       		.byte	54
 614 0249 52       		.byte	82
 615 024a 37       		.byte	55
 616 024b 04       		.byte	4
 617 024c 3C       		.byte	60
 618 024d 80       		.byte	-128
 619 024e 3E       		.byte	62
 620 024f A5       		.byte	-91
 621 0250 40       		.byte	64
 622 0251 40       		.byte	64
 623 0252 44       		.byte	68
 624 0253 10       		.byte	16
 625 0254 45       		.byte	69
 626 0255 08       		.byte	8
 627 0256 50       		.byte	80
ARM GAS  C:\Users\mrgas\AppData\Local\Temp\ccjd7zLg.s 			page 12


 628 0257 88       		.byte	-120
 629 0258 5E       		.byte	94
 630 0259 40       		.byte	64
 631 025a 60       		.byte	96
 632 025b 80       		.byte	-128
 633 025c 62       		.byte	98
 634 025d 02       		.byte	2
 635 025e 6D       		.byte	109
 636 025f 54       		.byte	84
 637 0260 75       		.byte	117
 638 0261 80       		.byte	-128
 639 0262 76       		.byte	118
 640 0263 21       		.byte	33
 641 0264 77       		.byte	119
 642 0265 24       		.byte	36
 643 0266 88       		.byte	-120
 644 0267 40       		.byte	64
 645 0268 89       		.byte	-119
 646 0269 10       		.byte	16
 647 026a 8C       		.byte	-116
 648 026b 04       		.byte	4
 649 026c 8F       		.byte	-113
 650 026d 02       		.byte	2
 651 026e 90       		.byte	-112
 652 026f 04       		.byte	4
 653 0270 93       		.byte	-109
 654 0271 08       		.byte	8
 655 0272 94       		.byte	-108
 656 0273 10       		.byte	16
 657 0274 96       		.byte	-106
 658 0275 0B       		.byte	11
 659 0276 99       		.byte	-103
 660 0277 40       		.byte	64
 661 0278 9B       		.byte	-101
 662 0279 40       		.byte	64
 663 027a 9C       		.byte	-100
 664 027b 22       		.byte	34
 665 027c 9E       		.byte	-98
 666 027d 10       		.byte	16
 667 027e 9F       		.byte	-97
 668 027f 10       		.byte	16
 669 0280 A4       		.byte	-92
 670 0281 88       		.byte	-120
 671 0282 A5       		.byte	-91
 672 0283 28       		.byte	40
 673 0284 A6       		.byte	-90
 674 0285 12       		.byte	18
 675 0286 B6       		.byte	-74
 676 0287 48       		.byte	72
 677 0288 C0       		.byte	-64
 678 0289 F6       		.byte	-10
 679 028a C2       		.byte	-62
 680 028b E2       		.byte	-30
 681 028c C4       		.byte	-60
 682 028d FE       		.byte	-2
 683 028e CA       		.byte	-54
 684 028f F0       		.byte	-16
ARM GAS  C:\Users\mrgas\AppData\Local\Temp\ccjd7zLg.s 			page 13


 685 0290 CC       		.byte	-52
 686 0291 F0       		.byte	-16
 687 0292 CE       		.byte	-50
 688 0293 F0       		.byte	-16
 689 0294 D0       		.byte	-48
 690 0295 01       		.byte	1
 691 0296 D6       		.byte	-42
 692 0297 10       		.byte	16
 693 0298 04       		.byte	4
 694 0299 30       		.byte	48
 695 029a 05       		.byte	5
 696 029b E0       		.byte	-32
 697 029c 06       		.byte	6
 698 029d 44       		.byte	68
 699 029e 0B       		.byte	11
 700 029f 15       		.byte	21
 701 02a0 0C       		.byte	12
 702 02a1 02       		.byte	2
 703 02a2 0D       		.byte	13
 704 02a3 03       		.byte	3
 705 02a4 0E       		.byte	14
 706 02a5 0C       		.byte	12
 707 02a6 0F       		.byte	15
 708 02a7 14       		.byte	20
 709 02a8 10       		.byte	16
 710 02a9 40       		.byte	64
 711 02aa 11       		.byte	17
 712 02ab 20       		.byte	32
 713 02ac 12       		.byte	18
 714 02ad 30       		.byte	48
 715 02ae 13       		.byte	19
 716 02af C0       		.byte	-64
 717 02b0 14       		.byte	20
 718 02b1 24       		.byte	36
 719 02b2 15       		.byte	21
 720 02b3 0A       		.byte	10
 721 02b4 16       		.byte	22
 722 02b5 40       		.byte	64
 723 02b6 17       		.byte	23
 724 02b7 14       		.byte	20
 725 02b8 18       		.byte	24
 726 02b9 70       		.byte	112
 727 02ba 19       		.byte	25
 728 02bb 80       		.byte	-128
 729 02bc 1A       		.byte	26
 730 02bd 08       		.byte	8
 731 02be 1B       		.byte	27
 732 02bf 20       		.byte	32
 733 02c0 1C       		.byte	28
 734 02c1 01       		.byte	1
 735 02c2 1D       		.byte	29
 736 02c3 13       		.byte	19
 737 02c4 1F       		.byte	31
 738 02c5 0C       		.byte	12
 739 02c6 20       		.byte	32
 740 02c7 40       		.byte	64
 741 02c8 21       		.byte	33
ARM GAS  C:\Users\mrgas\AppData\Local\Temp\ccjd7zLg.s 			page 14


 742 02c9 E0       		.byte	-32
 743 02ca 24       		.byte	36
 744 02cb 50       		.byte	80
 745 02cc 25       		.byte	37
 746 02cd 40       		.byte	64
 747 02ce 27       		.byte	39
 748 02cf 20       		.byte	32
 749 02d0 2B       		.byte	43
 750 02d1 08       		.byte	8
 751 02d2 2D       		.byte	45
 752 02d3 13       		.byte	19
 753 02d4 2F       		.byte	47
 754 02d5 04       		.byte	4
 755 02d6 30       		.byte	48
 756 02d7 7C       		.byte	124
 757 02d8 31       		.byte	49
 758 02d9 E0       		.byte	-32
 759 02da 32       		.byte	50
 760 02db 01       		.byte	1
 761 02dc 34       		.byte	52
 762 02dd 02       		.byte	2
 763 02de 35       		.byte	53
 764 02df 0F       		.byte	15
 765 02e0 37       		.byte	55
 766 02e1 10       		.byte	16
 767 02e2 3B       		.byte	59
 768 02e3 20       		.byte	32
 769 02e4 3E       		.byte	62
 770 02e5 14       		.byte	20
 771 02e6 3F       		.byte	63
 772 02e7 40       		.byte	64
 773 02e8 40       		.byte	64
 774 02e9 13       		.byte	19
 775 02ea 41       		.byte	65
 776 02eb 04       		.byte	4
 777 02ec 45       		.byte	69
 778 02ed EB       		.byte	-21
 779 02ee 46       		.byte	70
 780 02ef 0C       		.byte	12
 781 02f0 48       		.byte	72
 782 02f1 07       		.byte	7
 783 02f2 49       		.byte	73
 784 02f3 FF       		.byte	-1
 785 02f4 4A       		.byte	74
 786 02f5 FF       		.byte	-1
 787 02f6 4B       		.byte	75
 788 02f7 FF       		.byte	-1
 789 02f8 4E       		.byte	78
 790 02f9 F0       		.byte	-16
 791 02fa 4F       		.byte	79
 792 02fb 44       		.byte	68
 793 02fc 50       		.byte	80
 794 02fd 0C       		.byte	12
 795 02fe 54       		.byte	84
 796 02ff 01       		.byte	1
 797 0300 58       		.byte	88
 798 0301 04       		.byte	4
ARM GAS  C:\Users\mrgas\AppData\Local\Temp\ccjd7zLg.s 			page 15


 799 0302 59       		.byte	89
 800 0303 04       		.byte	4
 801 0304 5A       		.byte	90
 802 0305 04       		.byte	4
 803 0306 5B       		.byte	91
 804 0307 04       		.byte	4
 805 0308 5F       		.byte	95
 806 0309 01       		.byte	1
 807 030a 66       		.byte	102
 808 030b C0       		.byte	-64
 809 030c 6A       		.byte	106
 810 030d 40       		.byte	64
 811 030e 6B       		.byte	107
 812 030f 02       		.byte	2
 813 0310 81       		.byte	-127
 814 0311 01       		.byte	1
 815 0312 83       		.byte	-125
 816 0313 02       		.byte	2
 817 0314 85       		.byte	-123
 818 0315 07       		.byte	7
 819 0316 8D       		.byte	-115
 820 0317 04       		.byte	4
 821 0318 99       		.byte	-103
 822 0319 02       		.byte	2
 823 031a 9B       		.byte	-101
 824 031b 01       		.byte	1
 825 031c A1       		.byte	-95
 826 031d 07       		.byte	7
 827 031e AE       		.byte	-82
 828 031f 01       		.byte	1
 829 0320 B1       		.byte	-79
 830 0321 04       		.byte	4
 831 0322 B3       		.byte	-77
 832 0323 03       		.byte	3
 833 0324 B6       		.byte	-74
 834 0325 01       		.byte	1
 835 0326 D4       		.byte	-44
 836 0327 18       		.byte	24
 837 0328 D6       		.byte	-42
 838 0329 04       		.byte	4
 839 032a D8       		.byte	-40
 840 032b 04       		.byte	4
 841 032c D9       		.byte	-39
 842 032d 04       		.byte	4
 843 032e DB       		.byte	-37
 844 032f 04       		.byte	4
 845 0330 DF       		.byte	-33
 846 0331 01       		.byte	1
 847 0332 00       		.byte	0
 848 0333 44       		.byte	68
 849 0334 08       		.byte	8
 850 0335 0A       		.byte	10
 851 0336 0A       		.byte	10
 852 0337 08       		.byte	8
 853 0338 0B       		.byte	11
 854 0339 01       		.byte	1
 855 033a 10       		.byte	16
ARM GAS  C:\Users\mrgas\AppData\Local\Temp\ccjd7zLg.s 			page 16


 856 033b A0       		.byte	-96
 857 033c 16       		.byte	22
 858 033d 02       		.byte	2
 859 033e 18       		.byte	24
 860 033f 40       		.byte	64
 861 0340 19       		.byte	25
 862 0341 14       		.byte	20
 863 0342 1F       		.byte	31
 864 0343 40       		.byte	64
 865 0344 20       		.byte	32
 866 0345 80       		.byte	-128
 867 0346 22       		.byte	34
 868 0347 61       		.byte	97
 869 0348 25       		.byte	37
 870 0349 08       		.byte	8
 871 034a 26       		.byte	38
 872 034b 02       		.byte	2
 873 034c 27       		.byte	39
 874 034d 10       		.byte	16
 875 034e 28       		.byte	40
 876 034f 68       		.byte	104
 877 0350 2B       		.byte	43
 878 0351 06       		.byte	6
 879 0352 2C       		.byte	44
 880 0353 40       		.byte	64
 881 0354 31       		.byte	49
 882 0355 80       		.byte	-128
 883 0356 32       		.byte	50
 884 0357 05       		.byte	5
 885 0358 33       		.byte	51
 886 0359 10       		.byte	16
 887 035a 37       		.byte	55
 888 035b 10       		.byte	16
 889 035c 38       		.byte	56
 890 035d 80       		.byte	-128
 891 035e 39       		.byte	57
 892 035f 04       		.byte	4
 893 0360 3A       		.byte	58
 894 0361 20       		.byte	32
 895 0362 3B       		.byte	59
 896 0363 10       		.byte	16
 897 0364 3D       		.byte	61
 898 0365 44       		.byte	68
 899 0366 3E       		.byte	62
 900 0367 02       		.byte	2
 901 0368 41       		.byte	65
 902 0369 80       		.byte	-128
 903 036a 42       		.byte	66
 904 036b 20       		.byte	32
 905 036c 43       		.byte	67
 906 036d 02       		.byte	2
 907 036e 48       		.byte	72
 908 036f 20       		.byte	32
 909 0370 49       		.byte	73
 910 0371 01       		.byte	1
 911 0372 4B       		.byte	75
 912 0373 01       		.byte	1
ARM GAS  C:\Users\mrgas\AppData\Local\Temp\ccjd7zLg.s 			page 17


 913 0374 50       		.byte	80
 914 0375 40       		.byte	64
 915 0376 59       		.byte	89
 916 0377 05       		.byte	5
 917 0378 5A       		.byte	90
 918 0379 80       		.byte	-128
 919 037a 5B       		.byte	91
 920 037b 20       		.byte	32
 921 037c 5E       		.byte	94
 922 037d 02       		.byte	2
 923 037e 65       		.byte	101
 924 037f 40       		.byte	64
 925 0380 67       		.byte	103
 926 0381 48       		.byte	72
 927 0382 80       		.byte	-128
 928 0383 02       		.byte	2
 929 0384 81       		.byte	-127
 930 0385 90       		.byte	-112
 931 0386 82       		.byte	-126
 932 0387 20       		.byte	32
 933 0388 87       		.byte	-121
 934 0389 40       		.byte	64
 935 038a 8A       		.byte	-118
 936 038b 40       		.byte	64
 937 038c 8C       		.byte	-116
 938 038d 60       		.byte	96
 939 038e 8E       		.byte	-114
 940 038f 02       		.byte	2
 941 0390 8F       		.byte	-113
 942 0391 20       		.byte	32
 943 0392 90       		.byte	-112
 944 0393 04       		.byte	4
 945 0394 91       		.byte	-111
 946 0395 44       		.byte	68
 947 0396 92       		.byte	-110
 948 0397 08       		.byte	8
 949 0398 93       		.byte	-109
 950 0399 18       		.byte	24
 951 039a 96       		.byte	-106
 952 039b 02       		.byte	2
 953 039c 97       		.byte	-105
 954 039d 80       		.byte	-128
 955 039e 98       		.byte	-104
 956 039f 40       		.byte	64
 957 03a0 99       		.byte	-103
 958 03a1 40       		.byte	64
 959 03a2 9C       		.byte	-100
 960 03a3 22       		.byte	34
 961 03a4 9E       		.byte	-98
 962 03a5 02       		.byte	2
 963 03a6 A0       		.byte	-96
 964 03a7 80       		.byte	-128
 965 03a8 A2       		.byte	-94
 966 03a9 01       		.byte	1
 967 03aa A3       		.byte	-93
 968 03ab 06       		.byte	6
 969 03ac A4       		.byte	-92
ARM GAS  C:\Users\mrgas\AppData\Local\Temp\ccjd7zLg.s 			page 18


 970 03ad 40       		.byte	64
 971 03ae A5       		.byte	-91
 972 03af 08       		.byte	8
 973 03b0 A6       		.byte	-90
 974 03b1 62       		.byte	98
 975 03b2 AB       		.byte	-85
 976 03b3 40       		.byte	64
 977 03b4 C0       		.byte	-64
 978 03b5 05       		.byte	5
 979 03b6 C2       		.byte	-62
 980 03b7 0F       		.byte	15
 981 03b8 C4       		.byte	-60
 982 03b9 8C       		.byte	-116
 983 03ba CA       		.byte	-54
 984 03bb 8F       		.byte	-113
 985 03bc CC       		.byte	-52
 986 03bd 2F       		.byte	47
 987 03be CE       		.byte	-50
 988 03bf DE       		.byte	-34
 989 03c0 D0       		.byte	-48
 990 03c1 0B       		.byte	11
 991 03c2 D6       		.byte	-42
 992 03c3 8F       		.byte	-113
 993 03c4 D8       		.byte	-40
 994 03c5 B0       		.byte	-80
 995 03c6 E4       		.byte	-28
 996 03c7 04       		.byte	4
 997 03c8 EC       		.byte	-20
 998 03c9 01       		.byte	1
 999 03ca 32       		.byte	50
 1000 03cb 20       		.byte	32
 1001 03cc CC       		.byte	-52
 1002 03cd 10       		.byte	16
 1003 03ce A6       		.byte	-90
 1004 03cf 20       		.byte	32
 1005 03d0 A6       		.byte	-90
 1006 03d1 20       		.byte	32
 1007 03d2 A6       		.byte	-90
 1008 03d3 20       		.byte	32
 1009 03d4 A6       		.byte	-90
 1010 03d5 20       		.byte	32
 1011 03d6 86       		.byte	-122
 1012 03d7 20       		.byte	32
 1013 03d8 A6       		.byte	-90
 1014 03d9 20       		.byte	32
 1015 03da E6       		.byte	-26
 1016 03db 40       		.byte	64
 1017 03dc 63       		.byte	99
 1018 03dd 20       		.byte	32
 1019 03de D8       		.byte	-40
 1020 03df 02       		.byte	2
 1021 03e0 10       		.byte	16
 1022 03e1 10       		.byte	16
 1023 03e2 12       		.byte	18
 1024 03e3 80       		.byte	-128
 1025 03e4 70       		.byte	112
 1026 03e5 01       		.byte	1
ARM GAS  C:\Users\mrgas\AppData\Local\Temp\ccjd7zLg.s 			page 19


 1027 03e6 80       		.byte	-128
 1028 03e7 01       		.byte	1
 1029 03e8 88       		.byte	-120
 1030 03e9 10       		.byte	16
 1031 03ea 8E       		.byte	-114
 1032 03eb 80       		.byte	-128
 1033 03ec AB       		.byte	-85
 1034 03ed 10       		.byte	16
 1035 03ee C4       		.byte	-60
 1036 03ef 08       		.byte	8
 1037 03f0 DC       		.byte	-36
 1038 03f1 01       		.byte	1
 1039 03f2 E2       		.byte	-30
 1040 03f3 06       		.byte	6
 1041 03f4 00       		.byte	0
 1042 03f5 03       		.byte	3
 1043 03f6 0C       		.byte	12
 1044 03f7 03       		.byte	3
 1045 03f8 10       		.byte	16
 1046 03f9 01       		.byte	1
 1047 03fa 1C       		.byte	28
 1048 03fb 01       		.byte	1
 1049 03fc 00       		.byte	0
 1050 03fd 03       		.byte	3
 1051 03fe 00       		.byte	0
 1052 03ff 00       		.byte	0
 1053 0400 01       		.byte	1
 1054 0401 00       		.byte	0
 1055 0402 00       		.byte	0
 1056 0403 03       		.byte	3
 1057 0404 03       		.byte	3
 1058 0405 00       		.byte	0
 1059 0406 00       		.byte	0
 1060 0407 00       		.byte	0
 1061 0408 00       		.byte	0
 1062 0409 00       		.byte	0
 1063 040a 00       		.byte	0
 1064 040b 00       		.byte	0
 1065 040c 80       		.byte	-128
 1066 040d 00       		.byte	0
 1067 040e 40       		.byte	64
 1068 040f 80       		.byte	-128
 1069 0410 80       		.byte	-128
 1070 0411 00       		.byte	0
 1071 0412 80       		.byte	-128
 1072 0413 00       		.byte	0
 1073 0414 00       		.byte	0
 1074 0415 00       		.byte	0
 1075 0416 00       		.byte	0
 1076 0417 00       		.byte	0
 1077 0418 00       		.byte	0
 1078 0419 8B       		.byte	-117
 1079 041a 8B       		.byte	-117
 1080 041b 00       		.byte	0
 1081 041c 80       		.byte	-128
 1082 041d 00       		.byte	0
 1083 041e 00       		.byte	0
ARM GAS  C:\Users\mrgas\AppData\Local\Temp\ccjd7zLg.s 			page 20


 1084 041f 00       		.byte	0
 1085              		.section	.cywolatch,"a",%progbits
 1086              		.align	2
 1087              		.type	cy_meta_wonvl, %object
 1088              		.size	cy_meta_wonvl, 4
 1089              	cy_meta_wonvl:
 1090 0000 BC       		.byte	-68
 1091 0001 90       		.byte	-112
 1092 0002 AC       		.byte	-84
 1093 0003 AF       		.byte	-81
 1094              		.section	.cycustnvl,"a",%progbits
 1095              		.align	2
 1096              		.type	cy_meta_custnvl, %object
 1097              		.size	cy_meta_custnvl, 4
 1098              	cy_meta_custnvl:
 1099 0000 00       		.byte	0
 1100 0001 00       		.byte	0
 1101 0002 40       		.byte	64
 1102 0003 05       		.byte	5
 1103              		.section	.cymeta,"a",%progbits
 1104              		.align	2
 1105              		.type	cy_metadata, %object
 1106              		.size	cy_metadata, 12
 1107              	cy_metadata:
 1108 0000 00       		.byte	0
 1109 0001 01       		.byte	1
 1110 0002 2E       		.byte	46
 1111 0003 16       		.byte	22
 1112 0004 10       		.byte	16
 1113 0005 69       		.byte	105
 1114 0006 00       		.byte	0
 1115 0007 01       		.byte	1
 1116 0008 00       		.byte	0
 1117 0009 00       		.byte	0
 1118 000a 00       		.byte	0
 1119 000b 00       		.byte	0
 1120              		.section	.cyflashprotect,"a",%progbits
 1121              		.align	2
 1122              		.type	cy_meta_flashprotect, %object
 1123              		.size	cy_meta_flashprotect, 256
 1124              	cy_meta_flashprotect:
 1125 0000 00000000 		.space	256
 1125      00000000 
 1125      00000000 
 1125      00000000 
 1125      00000000 
 1126              		.text
 1127              	.Letext0:
 1128              		.file 1 "c:\\program files (x86)\\cypress\\psoc creator\\4.2\\psoc creator\\import\\gnu\\arm\\5.4.
 1129              		.file 2 "c:\\program files (x86)\\cypress\\psoc creator\\4.2\\psoc creator\\import\\gnu\\arm\\5.4.
 1130              		.file 3 "Generated_Source\\PSoC5\\cymetadata.c"
 1131              		.section	.debug_info,"",%progbits
 1132              	.Ldebug_info0:
 1133 0000 31010000 		.4byte	0x131
 1134 0004 0400     		.2byte	0x4
 1135 0006 00000000 		.4byte	.Ldebug_abbrev0
 1136 000a 04       		.byte	0x4
ARM GAS  C:\Users\mrgas\AppData\Local\Temp\ccjd7zLg.s 			page 21


 1137 000b 01       		.uleb128 0x1
 1138 000c 24000000 		.4byte	.LASF17
 1139 0010 0C       		.byte	0xc
 1140 0011 B7010000 		.4byte	.LASF18
 1141 0015 D7000000 		.4byte	.LASF19
 1142 0019 00000000 		.4byte	.Ldebug_line0
 1143 001d 02       		.uleb128 0x2
 1144 001e 01       		.byte	0x1
 1145 001f 06       		.byte	0x6
 1146 0020 AB010000 		.4byte	.LASF0
 1147 0024 03       		.uleb128 0x3
 1148 0025 00000000 		.4byte	.LASF9
 1149 0029 01       		.byte	0x1
 1150 002a 1D       		.byte	0x1d
 1151 002b 2F000000 		.4byte	0x2f
 1152 002f 02       		.uleb128 0x2
 1153 0030 01       		.byte	0x1
 1154 0031 08       		.byte	0x8
 1155 0032 16000000 		.4byte	.LASF1
 1156 0036 02       		.uleb128 0x2
 1157 0037 02       		.byte	0x2
 1158 0038 05       		.byte	0x5
 1159 0039 98010000 		.4byte	.LASF2
 1160 003d 02       		.uleb128 0x2
 1161 003e 02       		.byte	0x2
 1162 003f 07       		.byte	0x7
 1163 0040 C4000000 		.4byte	.LASF3
 1164 0044 02       		.uleb128 0x2
 1165 0045 04       		.byte	0x4
 1166 0046 05       		.byte	0x5
 1167 0047 A2010000 		.4byte	.LASF4
 1168 004b 02       		.uleb128 0x2
 1169 004c 04       		.byte	0x4
 1170 004d 07       		.byte	0x7
 1171 004e B2000000 		.4byte	.LASF5
 1172 0052 02       		.uleb128 0x2
 1173 0053 08       		.byte	0x8
 1174 0054 05       		.byte	0x5
 1175 0055 8A010000 		.4byte	.LASF6
 1176 0059 02       		.uleb128 0x2
 1177 005a 08       		.byte	0x8
 1178 005b 07       		.byte	0x7
 1179 005c 3F010000 		.4byte	.LASF7
 1180 0060 04       		.uleb128 0x4
 1181 0061 04       		.byte	0x4
 1182 0062 05       		.byte	0x5
 1183 0063 696E7400 		.ascii	"int\000"
 1184 0067 02       		.uleb128 0x2
 1185 0068 04       		.byte	0x4
 1186 0069 07       		.byte	0x7
 1187 006a 32010000 		.4byte	.LASF8
 1188 006e 03       		.uleb128 0x3
 1189 006f 56010000 		.4byte	.LASF10
 1190 0073 02       		.byte	0x2
 1191 0074 18       		.byte	0x18
 1192 0075 24000000 		.4byte	0x24
 1193 0079 05       		.uleb128 0x5
ARM GAS  C:\Users\mrgas\AppData\Local\Temp\ccjd7zLg.s 			page 22


 1194 007a 91000000 		.4byte	0x91
 1195 007e 8A000000 		.4byte	0x8a
 1196 0082 06       		.uleb128 0x6
 1197 0083 8A000000 		.4byte	0x8a
 1198 0087 1F04     		.2byte	0x41f
 1199 0089 00       		.byte	0
 1200 008a 02       		.uleb128 0x2
 1201 008b 04       		.byte	0x4
 1202 008c 07       		.byte	0x7
 1203 008d 81010000 		.4byte	.LASF11
 1204 0091 07       		.uleb128 0x7
 1205 0092 6E000000 		.4byte	0x6e
 1206 0096 08       		.uleb128 0x8
 1207 0097 20010000 		.4byte	.LASF12
 1208 009b 03       		.byte	0x3
 1209 009c 1F       		.byte	0x1f
 1210 009d A7000000 		.4byte	0xa7
 1211 00a1 05       		.uleb128 0x5
 1212 00a2 03       		.byte	0x3
 1213 00a3 00000000 		.4byte	cy_meta_configecc
 1214 00a7 07       		.uleb128 0x7
 1215 00a8 79000000 		.4byte	0x79
 1216 00ac 05       		.uleb128 0x5
 1217 00ad 91000000 		.4byte	0x91
 1218 00b1 BC000000 		.4byte	0xbc
 1219 00b5 09       		.uleb128 0x9
 1220 00b6 8A000000 		.4byte	0x8a
 1221 00ba 03       		.byte	0x3
 1222 00bb 00       		.byte	0
 1223 00bc 08       		.uleb128 0x8
 1224 00bd 10010000 		.4byte	.LASF13
 1225 00c1 03       		.byte	0x3
 1226 00c2 B0       		.byte	0xb0
 1227 00c3 CD000000 		.4byte	0xcd
 1228 00c7 05       		.uleb128 0x5
 1229 00c8 03       		.byte	0x3
 1230 00c9 00000000 		.4byte	cy_meta_custnvl
 1231 00cd 07       		.uleb128 0x7
 1232 00ce AC000000 		.4byte	0xac
 1233 00d2 08       		.uleb128 0x8
 1234 00d3 73010000 		.4byte	.LASF14
 1235 00d7 03       		.byte	0x3
 1236 00d8 BE       		.byte	0xbe
 1237 00d9 E3000000 		.4byte	0xe3
 1238 00dd 05       		.uleb128 0x5
 1239 00de 03       		.byte	0x3
 1240 00df 00000000 		.4byte	cy_meta_wonvl
 1241 00e3 07       		.uleb128 0x7
 1242 00e4 AC000000 		.4byte	0xac
 1243 00e8 05       		.uleb128 0x5
 1244 00e9 91000000 		.4byte	0x91
 1245 00ed F8000000 		.4byte	0xf8
 1246 00f1 09       		.uleb128 0x9
 1247 00f2 8A000000 		.4byte	0x8a
 1248 00f6 FF       		.byte	0xff
 1249 00f7 00       		.byte	0
 1250 00f8 08       		.uleb128 0x8
ARM GAS  C:\Users\mrgas\AppData\Local\Temp\ccjd7zLg.s 			page 23


 1251 00f9 5E010000 		.4byte	.LASF15
 1252 00fd 03       		.byte	0x3
 1253 00fe CC       		.byte	0xcc
 1254 00ff 09010000 		.4byte	0x109
 1255 0103 05       		.uleb128 0x5
 1256 0104 03       		.byte	0x3
 1257 0105 00000000 		.4byte	cy_meta_flashprotect
 1258 0109 07       		.uleb128 0x7
 1259 010a E8000000 		.4byte	0xe8
 1260 010e 05       		.uleb128 0x5
 1261 010f 91000000 		.4byte	0x91
 1262 0113 1E010000 		.4byte	0x11e
 1263 0117 09       		.uleb128 0x9
 1264 0118 8A000000 		.4byte	0x8a
 1265 011c 0B       		.byte	0xb
 1266 011d 00       		.byte	0
 1267 011e 08       		.uleb128 0x8
 1268 011f 0A000000 		.4byte	.LASF16
 1269 0123 03       		.byte	0x3
 1270 0124 F9       		.byte	0xf9
 1271 0125 2F010000 		.4byte	0x12f
 1272 0129 05       		.uleb128 0x5
 1273 012a 03       		.byte	0x3
 1274 012b 00000000 		.4byte	cy_metadata
 1275 012f 07       		.uleb128 0x7
 1276 0130 0E010000 		.4byte	0x10e
 1277 0134 00       		.byte	0
 1278              		.section	.debug_abbrev,"",%progbits
 1279              	.Ldebug_abbrev0:
 1280 0000 01       		.uleb128 0x1
 1281 0001 11       		.uleb128 0x11
 1282 0002 01       		.byte	0x1
 1283 0003 25       		.uleb128 0x25
 1284 0004 0E       		.uleb128 0xe
 1285 0005 13       		.uleb128 0x13
 1286 0006 0B       		.uleb128 0xb
 1287 0007 03       		.uleb128 0x3
 1288 0008 0E       		.uleb128 0xe
 1289 0009 1B       		.uleb128 0x1b
 1290 000a 0E       		.uleb128 0xe
 1291 000b 10       		.uleb128 0x10
 1292 000c 17       		.uleb128 0x17
 1293 000d 00       		.byte	0
 1294 000e 00       		.byte	0
 1295 000f 02       		.uleb128 0x2
 1296 0010 24       		.uleb128 0x24
 1297 0011 00       		.byte	0
 1298 0012 0B       		.uleb128 0xb
 1299 0013 0B       		.uleb128 0xb
 1300 0014 3E       		.uleb128 0x3e
 1301 0015 0B       		.uleb128 0xb
 1302 0016 03       		.uleb128 0x3
 1303 0017 0E       		.uleb128 0xe
 1304 0018 00       		.byte	0
 1305 0019 00       		.byte	0
 1306 001a 03       		.uleb128 0x3
 1307 001b 16       		.uleb128 0x16
ARM GAS  C:\Users\mrgas\AppData\Local\Temp\ccjd7zLg.s 			page 24


 1308 001c 00       		.byte	0
 1309 001d 03       		.uleb128 0x3
 1310 001e 0E       		.uleb128 0xe
 1311 001f 3A       		.uleb128 0x3a
 1312 0020 0B       		.uleb128 0xb
 1313 0021 3B       		.uleb128 0x3b
 1314 0022 0B       		.uleb128 0xb
 1315 0023 49       		.uleb128 0x49
 1316 0024 13       		.uleb128 0x13
 1317 0025 00       		.byte	0
 1318 0026 00       		.byte	0
 1319 0027 04       		.uleb128 0x4
 1320 0028 24       		.uleb128 0x24
 1321 0029 00       		.byte	0
 1322 002a 0B       		.uleb128 0xb
 1323 002b 0B       		.uleb128 0xb
 1324 002c 3E       		.uleb128 0x3e
 1325 002d 0B       		.uleb128 0xb
 1326 002e 03       		.uleb128 0x3
 1327 002f 08       		.uleb128 0x8
 1328 0030 00       		.byte	0
 1329 0031 00       		.byte	0
 1330 0032 05       		.uleb128 0x5
 1331 0033 01       		.uleb128 0x1
 1332 0034 01       		.byte	0x1
 1333 0035 49       		.uleb128 0x49
 1334 0036 13       		.uleb128 0x13
 1335 0037 01       		.uleb128 0x1
 1336 0038 13       		.uleb128 0x13
 1337 0039 00       		.byte	0
 1338 003a 00       		.byte	0
 1339 003b 06       		.uleb128 0x6
 1340 003c 21       		.uleb128 0x21
 1341 003d 00       		.byte	0
 1342 003e 49       		.uleb128 0x49
 1343 003f 13       		.uleb128 0x13
 1344 0040 2F       		.uleb128 0x2f
 1345 0041 05       		.uleb128 0x5
 1346 0042 00       		.byte	0
 1347 0043 00       		.byte	0
 1348 0044 07       		.uleb128 0x7
 1349 0045 26       		.uleb128 0x26
 1350 0046 00       		.byte	0
 1351 0047 49       		.uleb128 0x49
 1352 0048 13       		.uleb128 0x13
 1353 0049 00       		.byte	0
 1354 004a 00       		.byte	0
 1355 004b 08       		.uleb128 0x8
 1356 004c 34       		.uleb128 0x34
 1357 004d 00       		.byte	0
 1358 004e 03       		.uleb128 0x3
 1359 004f 0E       		.uleb128 0xe
 1360 0050 3A       		.uleb128 0x3a
 1361 0051 0B       		.uleb128 0xb
 1362 0052 3B       		.uleb128 0x3b
 1363 0053 0B       		.uleb128 0xb
 1364 0054 49       		.uleb128 0x49
ARM GAS  C:\Users\mrgas\AppData\Local\Temp\ccjd7zLg.s 			page 25


 1365 0055 13       		.uleb128 0x13
 1366 0056 3F       		.uleb128 0x3f
 1367 0057 19       		.uleb128 0x19
 1368 0058 02       		.uleb128 0x2
 1369 0059 18       		.uleb128 0x18
 1370 005a 00       		.byte	0
 1371 005b 00       		.byte	0
 1372 005c 09       		.uleb128 0x9
 1373 005d 21       		.uleb128 0x21
 1374 005e 00       		.byte	0
 1375 005f 49       		.uleb128 0x49
 1376 0060 13       		.uleb128 0x13
 1377 0061 2F       		.uleb128 0x2f
 1378 0062 0B       		.uleb128 0xb
 1379 0063 00       		.byte	0
 1380 0064 00       		.byte	0
 1381 0065 00       		.byte	0
 1382              		.section	.debug_aranges,"",%progbits
 1383 0000 14000000 		.4byte	0x14
 1384 0004 0200     		.2byte	0x2
 1385 0006 00000000 		.4byte	.Ldebug_info0
 1386 000a 04       		.byte	0x4
 1387 000b 00       		.byte	0
 1388 000c 0000     		.2byte	0
 1389 000e 0000     		.2byte	0
 1390 0010 00000000 		.4byte	0
 1391 0014 00000000 		.4byte	0
 1392              		.section	.debug_line,"",%progbits
 1393              	.Ldebug_line0:
 1394 0000 3D010000 		.section	.debug_str,"MS",%progbits,1
 1394      02003701 
 1394      00000201 
 1394      FB0E0D00 
 1394      01010101 
 1395              	.LASF9:
 1396 0000 5F5F7569 		.ascii	"__uint8_t\000"
 1396      6E74385F 
 1396      7400
 1397              	.LASF16:
 1398 000a 63795F6D 		.ascii	"cy_metadata\000"
 1398      65746164 
 1398      61746100 
 1399              	.LASF1:
 1400 0016 756E7369 		.ascii	"unsigned char\000"
 1400      676E6564 
 1400      20636861 
 1400      7200
 1401              	.LASF17:
 1402 0024 474E5520 		.ascii	"GNU C11 5.4.1 20160609 (release) [ARM/embedded-5-br"
 1402      43313120 
 1402      352E342E 
 1402      31203230 
 1402      31363036 
 1403 0057 616E6368 		.ascii	"anch revision 237715] -mcpu=cortex-m3 -mthumb -g -O"
 1403      20726576 
 1403      6973696F 
 1403      6E203233 
ARM GAS  C:\Users\mrgas\AppData\Local\Temp\ccjd7zLg.s 			page 26


 1403      37373135 
 1404 008a 67202D66 		.ascii	"g -ffunction-sections -ffat-lto-objects\000"
 1404      66756E63 
 1404      74696F6E 
 1404      2D736563 
 1404      74696F6E 
 1405              	.LASF5:
 1406 00b2 6C6F6E67 		.ascii	"long unsigned int\000"
 1406      20756E73 
 1406      69676E65 
 1406      6420696E 
 1406      7400
 1407              	.LASF3:
 1408 00c4 73686F72 		.ascii	"short unsigned int\000"
 1408      7420756E 
 1408      7369676E 
 1408      65642069 
 1408      6E7400
 1409              	.LASF19:
 1410 00d7 433A5C55 		.ascii	"C:\\Users\\mrgas\\Downloads\\DC-Motor-PWM\\DC-Motor"
 1410      73657273 
 1410      5C6D7267 
 1410      61735C44 
 1410      6F776E6C 
 1411 0105 2D50574D 		.ascii	"-PWM.cydsn\000"
 1411      2E637964 
 1411      736E00
 1412              	.LASF13:
 1413 0110 63795F6D 		.ascii	"cy_meta_custnvl\000"
 1413      6574615F 
 1413      63757374 
 1413      6E766C00 
 1414              	.LASF12:
 1415 0120 63795F6D 		.ascii	"cy_meta_configecc\000"
 1415      6574615F 
 1415      636F6E66 
 1415      69676563 
 1415      6300
 1416              	.LASF8:
 1417 0132 756E7369 		.ascii	"unsigned int\000"
 1417      676E6564 
 1417      20696E74 
 1417      00
 1418              	.LASF7:
 1419 013f 6C6F6E67 		.ascii	"long long unsigned int\000"
 1419      206C6F6E 
 1419      6720756E 
 1419      7369676E 
 1419      65642069 
 1420              	.LASF10:
 1421 0156 75696E74 		.ascii	"uint8_t\000"
 1421      385F7400 
 1422              	.LASF15:
 1423 015e 63795F6D 		.ascii	"cy_meta_flashprotect\000"
 1423      6574615F 
 1423      666C6173 
 1423      6870726F 
ARM GAS  C:\Users\mrgas\AppData\Local\Temp\ccjd7zLg.s 			page 27


 1423      74656374 
 1424              	.LASF14:
 1425 0173 63795F6D 		.ascii	"cy_meta_wonvl\000"
 1425      6574615F 
 1425      776F6E76 
 1425      6C00
 1426              	.LASF11:
 1427 0181 73697A65 		.ascii	"sizetype\000"
 1427      74797065 
 1427      00
 1428              	.LASF6:
 1429 018a 6C6F6E67 		.ascii	"long long int\000"
 1429      206C6F6E 
 1429      6720696E 
 1429      7400
 1430              	.LASF2:
 1431 0198 73686F72 		.ascii	"short int\000"
 1431      7420696E 
 1431      7400
 1432              	.LASF4:
 1433 01a2 6C6F6E67 		.ascii	"long int\000"
 1433      20696E74 
 1433      00
 1434              	.LASF0:
 1435 01ab 7369676E 		.ascii	"signed char\000"
 1435      65642063 
 1435      68617200 
 1436              	.LASF18:
 1437 01b7 47656E65 		.ascii	"Generated_Source\\PSoC5\\cymetadata.c\000"
 1437      72617465 
 1437      645F536F 
 1437      75726365 
 1437      5C50536F 
 1438              		.ident	"GCC: (GNU Tools for ARM Embedded Processors) 5.4.1 20160609 (release) [ARM/embedded-5-bran
